<?xml version="1.0" encoding="UTF-8"?>
<!-- Generated by org.testng.reporters.JUnitReportReporter -->
<testsuite hostname="DESKTOP-JQFU1BA" failures="0" tests="2" name="testCases.HomePage" time="23.124" errors="0" timestamp="2020-09-20T16:18:06 SGT" skipped="0">
  <testcase classname="testCases.HomePage" name="basePageNavigation" time="15.552"/>
  <system-out/>
  <testcase classname="testCases.HomePage" name="basePageNavigation" time="7.572"/>
  <system-out/>
</testsuite> <!-- testCases.HomePage -->
